<?xml version="1.0" encoding="UTF-8"?>
<testng-results ignored="0" total="1" passed="1" failed="0" skipped="0">
  <reporter-output>
  </reporter-output>
  <suite started-at="2022-11-03T18:24:52 IST" name="Default suite" finished-at="2022-11-03T18:24:57 IST" duration-ms="5305">
    <groups>
    </groups>
    <test started-at="2022-11-03T18:24:52 IST" name="Default test" finished-at="2022-11-03T18:24:57 IST" duration-ms="5305">
      <class name="Authentication.BasicAuth">
        <test-method signature="basicAuth()[pri:0, instance:Authentication.BasicAuth@747edf66]" started-at="2022-11-03T18:24:52 IST" name="basicAuth" finished-at="2022-11-03T18:24:57 IST" duration-ms="5212" status="PASS">
          <reporter-output>
          </reporter-output>
        </test-method> <!-- basicAuth -->
      </class> <!-- Authentication.BasicAuth -->
    </test> <!-- Default test -->
  </suite> <!-- Default suite -->
</testng-results>
